H034, ERROR getting data
H033, ERROR getting data
H021, ERROR getting data
H020, ERROR getting data
H029, ERROR getting data
H027, ERROR getting data
H025, ERROR getting data
H067, ERROR getting data
H028, ERROR getting data
H023, ERROR getting data
H148, ERROR getting data
H026, ERROR getting data
H032, ERROR getting data
C075, Burnley Tunnel - Air Quality - CityLink, undefined
C017, Commercial Accounts - Fees - Go Via, undefined
C091, Vehicle class - CityLink, undefined
C048, Melbourne Toll Roads - Transurban Linkt, Driving in Melbourne? Use your Transurban Linkt account or pass on all Australian toll roads to save time and money.
C012, Melbourne Pass - Customer Service Agreement - CityLink, undefined
C084, Unauthorised (401) - CityLink, undefined
C072, Site search results - CityLink, undefined
C067, Email enquiry confirmation - CityLink, undefined
C034, Hills M2 - Toll pricing - Roam Express, The Hills M2 toll road links Sydney’s lower north shore with the northwest. Find out more about travelling on the Hills M2 toll road, toll pricing and how to open an account to save time and money.
C018, Commercial Accounts Customer Service Agreement - Go Via, undefined
C047, How to pay Hills M2 tolls - Roam Express, Learn how to pay for Hills M2 tolls.
C042, Legacy Way – Brisbane toll roads – Go Via, undefined
C008, Everyday Accounts - Direct Debit Request Service Agreement - CityLink, undefined
C090, No fee - CityLink, undefined
H086, Tips for driving in tunnels - CityLink, Learn about driving in tolled tunnels in Australia.
C039, Go Between Bridge – Brisbane toll roads – Go Via, undefined
C080, How to pay for Melbourne toll road travel - CityLink, Save time and money by using a CityLink e-TAG, account or pass to pay for all your Melbourne toll road travel.
H102, e-TAG devices & holders - CityLink, Learn more about purchasing, replacing, and installing e-TAG devices and holders for cars, light commercial vehicles, and heavy commercial vehicles.
H070, I travelled on a toll road, how do I pay? - go via, What to do if you travelled on a toll road without an account or pass.
C098, Our customers, undefined
C057, Twitter, undefined
C028, Live Traffic, undefined
C045, Logan Motorway – Brisbane toll roads – Go Via, undefined
H062, How do I transfer toll invoice or demand notice to my account? - go via, You can use your account balance to pay a toll invoice or demand notice as long as you have sufficient funds available. 
H078, Can I use my e-TAG on other toll roads? - CityLink, Find out which Australian toll roads will work with your e-TAG.
C049, Melbourne Toll Roads - Transurban Linkt, Driving in Melbourne? Use your Transurban Linkt account or pass on all Australian toll roads to save time and money.
H073, Information for international travellers - go via, Information for international travellers about go via toll invoices.
C051, We've updated the login process, undefined
H016, How do I apply for a commercial account? - CityLink, Learn more about how to apply for a CityLink Business Account.
H080, Using rental vehicles on toll roads - CityLink, Learn about paying for tolls while driving a rental vehicle on Australia's toll roads.
H007, Do I need an Australian driver license to open an e-TAG account? - CityLink, Learn about opening an e-TAG account with a driver licence from another country. 
H006, Do I need a credit card to open an Everyday or Access Account? - CityLink, Learn how to set up a CityLink e-TAG account without a credit card.
H040, Can I change the end date of my road pass? - go via, Find out how to change the expiry date of your pass.
H056, What should I do with a toll invoice or demand notice? - go via, Find out what to do when you receive a toll invoice from go via.
C096, Thank you for submission, undefined
C040, Hills M2 - Toll pricing - Roam Express, The Hills M2 toll road links Sydney’s lower north shore with the northwest. Find out more about travelling on the Hills M2 toll road, toll pricing and how to open an account to save time and money.
H097, What should I do if my vehicle breaks down on a toll road? - CityLink, Find out about what to do if your vehicle breaks down while travelling on a toll road in Australia.
C014, Melbourne Pass - Fees - CityLink, A Melbourne Pass is the simple way for visitors and occasional users to pay for tolls on Australian roads. Find out about the fees and charges on pass accounts.
C065, General enquiry - CityLink, CityLink general enquiry form.
H093, How is air released from the tunnel? - CityLink, Learn how carbon monoxide and other pollutants are released from our tunnels.
C078, Privacy Policy - go via, undefined
H038, I can't log in to my road pass - go via, Find out how to find your username and reset your password.
H019, Which pass should I buy? What's the difference? - CityLink, Find out how to buy a CityLink pass and which pass is best for your travel needs..
C062, Pass enquiry - CityLink, Pass enquiry form.
C002, ERROR getting data
C066, Complaints and feedback - CityLink, CityLink complaints and feedback form.
H066, I wasn't driving the vehicle at the time of travel - go via, Find out what to do if you receive a toll invoice but someone else was driving at the time of travel.
C038, How to pay Hills M2 tolls - Roam Express, Learn how to pay for Hills M2 tolls.
H046, Toll invoices - CityLink, Learn more about receiving and paying for CityLink toll invoices.
H041, Why has my credit card been billed after closing my pass? - go via, After your pass expires, it can take a little while before all your trips are processed.
C074, Domain Tunnel - Air Quality - CityLink, undefined
H079, What is my vehicle class? - CityLink, Learn about vehicle classes as they relate to toll amounts for travel on Australian toll roads.
H051, I received a toll invoice even though I bought a pass to cover my travel - go via, What to do if you receive a toll invoice but had a pass at the time of travel.
H044, How do I cancel my road pass? - go via, You can cancel your road pass by updating its end date.
C093, Get help creating your new username - CityLink, undefined
C082, Transurban Credit Reporting Policy - go via, undefined
C025, Pay in person – Pay Brisbane tolls in cash – go via, Find a retail outlet where you can top up your go via account or buy a pass in person.
C087, Internal server error (500) - CityLink, undefined
H076, How does tolling work? - CityLink, Information about how tolling works on Australia's toll roads, including details about electronic tolling.
H002, Open an account - CityLink, Learn more about opening a CityLink Everyday or Access account.
H090, Carrying dangerous goods - restrictions - CityLink, Learn more about safely transporting dangerous goods through toll tunnels on CityLink.
C016, Business Accounts - CityLink, A CityLink Business Account is a convenient and cost-effective solution for your business fleet. Find out more about account features and invoicing options that save you time and money.
C015, ERROR getting data
C011, ERROR getting data
H058, How long does it take to receive a toll invoice? - go via, Find out how long it takes for a go via toll invoice to arrive.
C064, Business Account enquiry - CityLink, Business Account enquiry form.
H022, Do I need to provide my licence plate number? - CityLink, When buying a pass, you'll need your vehicle's licence plate number, make and model.
H074, Using toll roads - CityLink, Learn more about using toll roads in Melbourne (including CityLink and EastLink), Sydney, and Brisbane.
H071, I was driving a friend's car without a pass or account - go via, Find out how you can pay if you drove someone else's car on a go via road.
C081, Account health check - CityLink, undefined
H063, How do I transfer a go via toll invoice or demand notice to an account with another toll operator - go via, Transfer a go via toll invoice to an account held with another toll operator by following these easy steps.
C006, Everyday Accounts - Fees - CityLink, A CityLink e-TAG is the convenient and affordable way to pay for tolls on Melbourne's toll roads. Choose an e-TAG account that suits your travel needs.
H117, I'm a motorcycle owner, do I need a tag to travel? - go via, Find out if you need a tag for your motorcycle.
C052, Say hello to the new CityLink iPhone app, undefined
H030, I've just purchased a used car and am having trouble buying a pass - CityLink, If you've just purchased a used car, we can reset the vehicle's pass limit for you.
C032, How to pay Hills M2 tolls - Roam Express, Learn how to pay for Hills M2 tolls.
C059, Taxi and Business accounts - CityLink, undefined
H096, What is the speed limit on Australian toll roads? - CityLink, Learn about speed limits on CityLink and other Australian toll roads.
H037, Can I buy a road pass without a credit card? - go via, Find out how you can pay for a go via road pass.
H092, How is air quality inside the tunnels monitored? - CityLink, Learn how air quality is monitored inside CityLink tunnels.
H089, Can placarded vehicles travel in the tunnels? - CityLink, Find out about travelling in CityLink tunnels with a placarded vehicle.
C007, Everyday Accounts - Customer Service Agreement - CityLink, CityLink e-TAG Account Customer Service Agreement
C099, About us - CityLink, CityLink provides electronic tolling across Melbourne.
C077, Legal - go via, undefined
C024, Payment options - Sydney toll roads - Roam Express, Find out more about paying your toll notices, topping up your e-TAG account and paying for a visitor’s e-PASS.
H017, Buying a pass - CityLink, Learn more about passes for travelling on CityLink and other Melbourne toll roads.
H081, Traffic conditions and road works - CityLink, Find out traffic conditions on Melbourne toll roads to help plan your travel.
H061, I can't find my toll invoice/demand notice using my licence plate number - go via, Find out how long it takes for a toll invoice to appear in our system.
C019, ERROR getting data
C037, ERROR getting data
C004, ERROR getting data
C031, ERROR getting data
C035, ERROR getting data
C033, ERROR getting data
C030, ERROR getting data
C041, ERROR getting data
H068, My vehicle or licence plates have been stolen - go via, Find out what you can do if your vehicle or licence plates have been stolen and you've received a toll invoice.
C085, Forbidden (403) - CityLink, undefined
C050, Welcome to the new CityLink website, undefined
C071, Help search results - CityLink, undefined
H105, Do I need a tag? - go via, Find out if you need a tag to travel on go via.
H087, Safety features - CityLink, Learn about the safety features incorporated into tolled tunnels in Australia.
C089, Maintenance - CityLink, undefined
C094, e-TAG health check - CityLink, Your e-TAG should always beep when you travel through toll points. If your tag doesn't beep, a No Tag In Vehicle Fee applies per trip. Avoid the fees, take the health check.
H036, How do I buy a road pass? - go via, undefined
C088, Service unavailable (503) - CityLink, undefined
H050, I have an account but I received a toll invoice - go via, What to do if you receive a toll invoice but have an account.
H100, Can cyclists travel on toll roads? - CityLink, Find out about riding a bicycle on toll roads in Australia.
H043, My road pass is currently suspended. What does this mean? - go via, Find out why your road pass is suspended and what you can do about it.
H121, I travelled without a tag - go via, Find out what to do if you travelled on a toll road without your go via tag.
H064, How do I pay my toll invoice or demand notice? - go via, Find out where to pay your go via toll invoice or demand notice.
H039, How do I update the credit card linked to my pass? - go via, Find out how to update your credit card details for your pass.
H082, Using toll roads in Sydney & Brisbane - CityLink, Learn about using toll roads in Sydney and Brisbane.
H088, Vehicle height limits - CityLink, Learn about tunnel clearance heights across Melbourne's toll road network.
H113, What do the tag beeps mean? - go via, Your go via tag is designed to emit different kinds of beeps. Find out what they mean.
C053, Contact us - CityLink, undefined
H048, What is a toll invoice? - go via, A toll invoice is a payment request for travelling on a toll road.
H012, Motorcycles and tags - go via, Learn about using toll roads in Australia if you ride a motorcycle.
H057, What happens if I don't pay my toll invoice or demand notice? - go via, It's important to pay your toll invoice before the due date so that you avoid additional fees.
H085, Fires - CityLink, Safety advice about what to do if there is a fire in a toll tunnel in Australia.
H099, Signal & sign meanings - CityLink, Learn about signals and signage meanings on toll roads in Australia.
H101, Can pedestrians travel on toll roads? - CityLink, Learn about pedestrian usage of toll roads in Australia.
H014, How do Business Accounts work? - CityLink, undefined
H054, Why did I receive a demand notice? - go via, Find out why you received a demand notice from go via.
C092, We've updated the login process, undefined
H059, How do I avoid getting another toll invoice in the future? - go via, Avoiding toll invoices is easy. All you need to do is make sure you have a valid pass or an active go via account.
H108, How do I remove a tag from its holder? - go via, How to remove your go via tag from its holder.
H137, How do I set up auto payments? - go via, Find out how to set up auto payments on your go via account.
H106, How do I install a tag in a car or light commercial vehicle? - go via, How to install your go via tag in a car or light commercial vehicle.
H107, How do I install an tag in a heavy commercial vehicle? - go via, How to install your go via tag in a heavy commercial vehicle.
H010, How soon can I travel after opening an account? - go via, Find out how soon you can travel on toll roads after opening a go via account.
H104, What is a tag? - go via, A tag is an electronic device that enables us to accurately calculate your tolls.
H042, Extra fees are being charged to my road pass. What are these for? - go via, Find out about the fees charged when you travel with a road pass. 
H116, My tag isn't working - go via, Find out why your go via tag isn't working.
H095, Travel tips - CityLink, Learn tips for travel on CityLink and other Australian toll roads.
H004, How do CityLink accounts work? - CityLink, undefined
H111, I have a metallic windscreen, will my tag still work? - go via, Learn how to install a tag on a vehicle with a metallic windscreen.
H072, What happens if I travel on a toll road without a pass or account? - go via, Find out what to do if you travel on a go via road without a pass or account.
H060, I need a list of outstanding toll invoices and demand notices - go via, Find out how to get a list of all of your outstanding toll invoices.
H045, What if the credit card payment for my road pass fails? - go via, Find out what happens if a credit card payment for your road pass fails.
H052, Why have I received a toll invoice when I didn't travel on a toll road? - go via, What to do if you've been erroneously issued a toll invoice.
H011, Can I use my go via account on other toll roads? - go via, Find out on which toll roads you can use your go via account.
H049, Why have I received a toll invoice? - go via, Read about why you may have received a toll invoice from go via.
H084, What should I do if my vehicle breaks down in a tunnel? - CityLink, Find out what to do if you break down in the Domain tunnel or Burnley tunnel on CityLink.
C095, Order a replacement e-TAG, e-TAG stopped working? Order a replacement e-TAG here.
H110, What is my tag number? - go via, Learn about what a tag number is and how you can find yours.
H115, My tag doesn't beep - go via, Find out why your go via tag isn't beeping.
H015, I have a fleet of business vehicles, can I apply for a business account? - CityLink, Find out about CityLink account options for businesses with fleets of vehicles.
H109, How do I remove an e-TAG holder from my vehicle's windscreen? - CityLink, How to remove your CityLink e-TAG holder from your vehicle's windscreen.
H098, Incidents - CityLink, Learn about traffic incidents on CityLink and other toll roads in Australia.
C010, Melbourne Pass - Pay Melbourne tolls - CityLink, undefined
C029, Safety - CityLink, undefined
H118, Moving tags between vehicles - go via, Find out about moving your go via tag to different vehicles.
C005, Pre-paid tag account - go via, A go via tag account is the convenient and affordable way to pay for tolls on Brisbane toll roads. 
H119, How many tags can I have? - go via, Find out how many tags you're allowed to have on your go via account.
H142, How do I add, remove and update vehicles on my account? - go via, Find out how to add, update and remove vehicles on your go via account.
H077, What should I do if I travelled on a toll road? - CityLink, Find out how to pay if you have travelled on a toll road in Australia.
H180, ERROR getting data
H129, ERROR getting data
H157, ERROR getting data
C027, ERROR getting data
H215, ERROR getting data
C073, ERROR getting data
H154, ERROR getting data
H182, ERROR getting data
H229, ERROR getting data
H140, ERROR getting data
H184, ERROR getting data
C023, ERROR getting data
H210, ERROR getting data
H124, ERROR getting data
H198, ERROR getting data
H199, ERROR getting data
H177, ERROR getting data
C058, ERROR getting data
H141, ERROR getting data
H160, ERROR getting data
H151, ERROR getting data
H135, ERROR getting data
H128, ERROR getting data
H158, ERROR getting data
H185, ERROR getting data
H132, ERROR getting data
H218, ERROR getting data
H173, ERROR getting data
H225, ERROR getting data
H214, ERROR getting data
H122, ERROR getting data
H227, ERROR getting data
C076, ERROR getting data
H147, ERROR getting data
H223, ERROR getting data
C069, ERROR getting data
H143, ERROR getting data
H123, ERROR getting data
H131, ERROR getting data
H228, ERROR getting data
H176, ERROR getting data
H126, ERROR getting data
H186, ERROR getting data
H163, ERROR getting data
H156, ERROR getting data
H187, ERROR getting data
C022, ERROR getting data
C056, ERROR getting data
H146, My account is currently suspended, what does this mean? - go via, Find out what it means when your go via account is suspended.
H164, I can’t remember my telephone PIN - go via, What to do if you can’t remember your go via telephone PIN.
H139, ERROR getting data
H114, ERROR getting data
H183, ERROR getting data
H136, ERROR getting data
H145, ERROR getting data
C097, ERROR getting data
H152, ERROR getting data
H001, ERROR getting data
H170, ERROR getting data
H149, ERROR getting data
H224, ERROR getting data
H216, ERROR getting data
H226, ERROR getting data
C060, ERROR getting data
C036, ERROR getting data
C079, ERROR getting data
H200, ERROR getting data
H197, ERROR getting data
H120, ERROR getting data
C044, ERROR getting data
H213, ERROR getting data
H189, ERROR getting data
C054, ERROR getting data
C063, ERROR getting data
H127, ERROR getting data
H169, ERROR getting data
H174, ERROR getting data
H150, ERROR getting data
H204, ERROR getting data
H153, ERROR getting data
H211, ERROR getting data
H162, ERROR getting data
H125, ERROR getting data
H179, ERROR getting data
H188, ERROR getting data
H202, ERROR getting data
H130, ERROR getting data
H205, ERROR getting data
C068, ERROR getting data
H168, ERROR getting data
H144, ERROR getting data
H133, ERROR getting data
H005, ERROR getting data
H166, ERROR getting data
C043, ERROR getting data
H175, ERROR getting data
C070, ERROR getting data
H212, ERROR getting data
C046, ERROR getting data
H193, ERROR getting data
H206, ERROR getting data
H155, ERROR getting data
H178, ERROR getting data
H222, ERROR getting data
H167, ERROR getting data
H230, ERROR getting data
C013, ERROR getting data
H208, ERROR getting data
H172, ERROR getting data
H165, ERROR getting data
H171, ERROR getting data
H203, ERROR getting data
H207, ERROR getting data
H217, ERROR getting data
H194, ERROR getting data
H159, ERROR getting data
C086, ERROR getting data
H181, ERROR getting data
C061, ERROR getting data
H209, ERROR getting data
C055, ERROR getting data
H196, ERROR getting data
C001, ERROR getting data
H191, ERROR getting data
H195, ERROR getting data
H161, ERROR getting data
H138, ERROR getting data
H220, ERROR getting data
H201, ERROR getting data
H231, ERROR getting data
H192, ERROR getting data
H190, Payments, tolls and fees - Help & support - CityLink, Learn more about the various payments, tolls, and fees for using CityLink.
C083, Forms - CityLink, View and download CityLink forms.
C009, Passes - go via, A range of options to suit the casual Brisbane toll road traveller.
H221, Why is a credit check performed when opening a new account? - CityLink, undefined
H009, How many vehicles can I have on my account? - go via, Find out how many vehicles you can link to your go via account.
C021, Pay a toll invoice - Already travelled - go via, If you’ve travelled on a toll road without an account or a pass you’ll receive a toll invoice in the mail. Find out how to pay.
C020, Buy a pass - Already travelled - CityLink, If you’ve travelled without an e-TAG, you can buy a pass within 3 days to save on fees. Find out how to buy a pass and save on travel costs.
C003, Help me choose - accounts & passes compared - go via, Do you need an account or a pass? Compare options and find out which one is right for you. Choose a go via video or tag account, a go via road pass or a pre-paid trip or toll credit pass.
H219, Taxi accounts - Help & Support - CityLink, Learn more about applying for and using CityLink taxi accounts.
C026, ERROR getting data
H018, Buying a pass - CityLink, Learn more about passes for travelling on CityLink and other Melbourne toll roads.
H065, Toll invoices - CityLink, Learn more about receiving and paying for CityLink toll invoices.
H013, Open an account - CityLink, Learn more about opening a CityLink Everyday or Access account.
H069, Toll invoices - CityLink, Learn more about receiving and paying for CityLink toll invoices.
H008, Open an account - CityLink, Learn more about opening a CityLink Everyday or Access account.
H031, Buying a pass - CityLink, Learn more about passes for travelling on CityLink and other Melbourne toll roads.
H035, Buying a pass - CityLink, Learn more about passes for travelling on CityLink and other Melbourne toll roads.
H024, Buying a pass - CityLink, Learn more about passes for travelling on CityLink and other Melbourne toll roads.
H103, e-TAG devices & holders - CityLink, Learn more about purchasing, replacing, and installing e-TAG devices and holders for cars, light commercial vehicles, and heavy commercial vehicles.
H003, Open an account - CityLink, Learn more about opening a CityLink Everyday or Access account.
H075, Using toll roads - CityLink, Learn more about using toll roads in Melbourne (including CityLink and EastLink), Sydney, and Brisbane.
H112, e-TAG devices & holders - CityLink, Learn more about purchasing, replacing, and installing e-TAG devices and holders for cars, light commercial vehicles, and heavy commercial vehicles.
H083, Using toll roads - CityLink, Learn more about using toll roads in Melbourne (including CityLink and EastLink), Sydney, and Brisbane.
H053, Toll invoices - CityLink, Learn more about receiving and paying for CityLink toll invoices.
H047, Toll invoices - CityLink, Learn more about receiving and paying for CityLink toll invoices.
H134, Managing my account - Help & support - CityLink, Learn more about managing your CityLink account online.
H091, Using toll roads - CityLink, Learn more about using toll roads in Melbourne (including CityLink and EastLink), Sydney, and Brisbane.
H055, Toll invoices - CityLink, Learn more about receiving and paying for CityLink toll invoices.
H094, Using toll roads - CityLink, Learn more about using toll roads in Melbourne (including CityLink and EastLink), Sydney, and Brisbane.
